<?xml version="1.0" encoding="UTF-8"?>
<!-- Generated by org.testng.reporters.JUnitXMLReporter -->
<testsuite ignored="0" hostname="DESKTOP-BPMLV0Q" failures="0" tests="4" name="Default test" time="54.285" errors="0" timestamp="2020-06-25T17:18:21 IST">
  <testcase classname="TestWebsite.TestEcommerceWebsite" name="testSignInPage" time="18.512"/>
  <testcase classname="TestWebsite.TestEcommerceWebsite" name="testproductSelection" time="16.523"/>
  <testcase classname="TestWebsite.TestEcommerceWebsite" name="testAddToCart" time="11.435"/>
  <testcase classname="TestWebsite.TestEcommerceWebsite" name="testLogOut" time="2.9"/>
</testsuite> <!-- Default test -->
