<?xml version="1.0" encoding="UTF-8"?>
<testng-results ignored="0" total="4" passed="4" failed="0" skipped="0">
  <reporter-output>
    <line>
      <![CDATA[Testcases Exceution Report For Website]]>
    </line>
    <line>
      <![CDATA[-----addTocart Testcase completed successfully-----]]>
    </line>
    <line>
      <![CDATA[-----logout Testcase completed successfully-----]]>
    </line>
  </reporter-output>
  <suite started-at="2020-06-25T17:17:27 IST" name="Default suite" finished-at="2020-06-25T17:18:21 IST" duration-ms="54285">
    <groups>
    </groups>
    <test started-at="2020-06-25T17:17:27 IST" name="Default test" finished-at="2020-06-25T17:18:21 IST" duration-ms="54285">
      <class name="TestWebsite.TestEcommerceWebsite">
        <test-method is-config="true" signature="testOpenBrowser()[pri:0, instance:TestWebsite.TestEcommerceWebsite@161479c6]" started-at="2020-06-25T17:17:04 IST" name="testOpenBrowser" finished-at="2020-06-25T17:17:27 IST" duration-ms="22901" status="PASS">
          <reporter-output>
            <line>
              <![CDATA[Testcases Exceution Report For Website]]>
            </line>
          </reporter-output>
        </test-method> <!-- testOpenBrowser -->
        <test-method signature="testSignInPage()[pri:0, instance:TestWebsite.TestEcommerceWebsite@161479c6]" started-at="2020-06-25T17:17:27 IST" name="testSignInPage" description="TC001--signin--This Testcase Verifies that User is able to Login with  Valid Credentials which are taken from excel sheet" finished-at="2020-06-25T17:17:46 IST" duration-ms="18512" status="PASS">
          <reporter-output>
          </reporter-output>
        </test-method> <!-- testSignInPage -->
        <test-method is-config="true" signature="Screenshot(org.testng.ITestResult)[pri:0, instance:TestWebsite.TestEcommerceWebsite@161479c6]" started-at="2020-06-25T17:17:46 IST" name="Screenshot" finished-at="2020-06-25T17:17:49 IST" duration-ms="3347" status="PASS">
          <params>
            <param index="0">
              <value>
                <![CDATA[[TestResult name=testSignInPage status=SUCCESS method=TestEcommerceWebsite.testSignInPage()[pri:0, instance:TestWebsite.TestEcommerceWebsite@161479c6] output={null}]]]>
              </value>
            </param>
          </params>
          <reporter-output>
          </reporter-output>
        </test-method> <!-- Screenshot -->
        <test-method signature="testproductSelection()[pri:1, instance:TestWebsite.TestEcommerceWebsite@161479c6]" started-at="2020-06-25T17:17:49 IST" name="testproductSelection" description="TC002--searchItem--This Testcase Verifies User is able to search the particular item which is taken from Excel sheet. " finished-at="2020-06-25T17:18:06 IST" duration-ms="16523" status="PASS">
          <reporter-output>
          </reporter-output>
        </test-method> <!-- testproductSelection -->
        <test-method is-config="true" signature="Screenshot(org.testng.ITestResult)[pri:0, instance:TestWebsite.TestEcommerceWebsite@161479c6]" started-at="2020-06-25T17:18:06 IST" name="Screenshot" finished-at="2020-06-25T17:18:06 IST" duration-ms="643" status="PASS">
          <params>
            <param index="0">
              <value>
                <![CDATA[[TestResult name=testproductSelection status=SUCCESS method=TestEcommerceWebsite.testproductSelection()[pri:1, instance:TestWebsite.TestEcommerceWebsite@161479c6] output={null}]]]>
              </value>
            </param>
          </params>
          <reporter-output>
          </reporter-output>
        </test-method> <!-- Screenshot -->
        <test-method signature="testAddToCart()[pri:2, instance:TestWebsite.TestEcommerceWebsite@161479c6]" started-at="2020-06-25T17:18:06 IST" name="testAddToCart" description="TC003--addToCart--This Testcase Verifies User is able to add the searched item to Cart" finished-at="2020-06-25T17:18:18 IST" duration-ms="11435" status="PASS">
          <reporter-output>
            <line>
              <![CDATA[-----addTocart Testcase completed successfully-----]]>
            </line>
          </reporter-output>
        </test-method> <!-- testAddToCart -->
        <test-method is-config="true" signature="Screenshot(org.testng.ITestResult)[pri:0, instance:TestWebsite.TestEcommerceWebsite@161479c6]" started-at="2020-06-25T17:18:18 IST" name="Screenshot" finished-at="2020-06-25T17:18:18 IST" duration-ms="441" status="PASS">
          <params>
            <param index="0">
              <value>
                <![CDATA[[TestResult name=testAddToCart status=SUCCESS method=TestEcommerceWebsite.testAddToCart()[pri:2, instance:TestWebsite.TestEcommerceWebsite@161479c6] output=-----addTocart Testcase completed successfully-----]]]>
              </value>
            </param>
          </params>
          <reporter-output>
          </reporter-output>
        </test-method> <!-- Screenshot -->
        <test-method signature="testLogOut()[pri:3, instance:TestWebsite.TestEcommerceWebsite@161479c6]" started-at="2020-06-25T17:18:18 IST" name="testLogOut" description="TC004--logout--This Testcase Verifies User is able to logout from website" finished-at="2020-06-25T17:18:21 IST" duration-ms="2900" status="PASS">
          <reporter-output>
            <line>
              <![CDATA[-----logout Testcase completed successfully-----]]>
            </line>
          </reporter-output>
        </test-method> <!-- testLogOut -->
        <test-method is-config="true" signature="Screenshot(org.testng.ITestResult)[pri:0, instance:TestWebsite.TestEcommerceWebsite@161479c6]" started-at="2020-06-25T17:18:21 IST" name="Screenshot" finished-at="2020-06-25T17:18:21 IST" duration-ms="211" status="PASS">
          <params>
            <param index="0">
              <value>
                <![CDATA[[TestResult name=testLogOut status=SUCCESS method=TestEcommerceWebsite.testLogOut()[pri:3, instance:TestWebsite.TestEcommerceWebsite@161479c6] output=-----logout Testcase completed successfully-----]]]>
              </value>
            </param>
          </params>
          <reporter-output>
          </reporter-output>
        </test-method> <!-- Screenshot -->
        <test-method is-config="true" signature="testCloseBrowser()[pri:0, instance:TestWebsite.TestEcommerceWebsite@161479c6]" started-at="2020-06-25T17:18:21 IST" name="testCloseBrowser" finished-at="2020-06-25T17:18:25 IST" duration-ms="4002" status="PASS">
          <reporter-output>
          </reporter-output>
        </test-method> <!-- testCloseBrowser -->
      </class> <!-- TestWebsite.TestEcommerceWebsite -->
    </test> <!-- Default test -->
  </suite> <!-- Default suite -->
</testng-results>
